Arguments: 
  /home/lost/.nvm/versions/node/v11.14.0/bin/node /usr/local/bin/yarn add react react-dom

PATH: 
  /home/lost/.local/bin:/home/lost/.nvm/versions/node/v11.14.0/bin:/home/lost/.local/bin:/usr/local/sbin:/usr/local/bin:/usr/sbin:/usr/bin:/sbin:/bin:/usr/games:/usr/local/games:/snap/bin

Yarn version: 
  1.22.10

Node version: 
  11.14.0

Platform: 
  linux x64

Trace: 
  SyntaxError: /home/lost/content/tktw/package.json: Unexpected end of JSON input
      at JSON.parse (<anonymous>)
      at /usr/local/lib/node_modules/yarn/lib/cli.js:1625:59
      at Generator.next (<anonymous>)
      at step (/usr/local/lib/node_modules/yarn/lib/cli.js:310:30)
      at /usr/local/lib/node_modules/yarn/lib/cli.js:321:13

npm manifest: 
  

yarn manifest: 
  No manifest

Lockfile: 
  No lockfile
